# JRE version: Java(TM) SE Runtime Environment (22.0+36) (build 22+36-2370)
# Java VM: Java HotSpot(TM) 64-Bit Server VM (22+36-2370, mixed mode, emulated-client, sharing, tiered, compressed oops, compressed class ptrs, g1 gc, windows-amd64)
GC Precious Log:
 CardTable entry size: 512
 Card Set container configuration: InlinePtr #cards 5 size 8 Array Of Cards #cards 12 size 40 Howl #buckets 4 coarsen threshold 1843 Howl Bitmap #cards 512 size 80 coarsen threshold 460 Card regions per heap region 1 cards per card region 2048
 CPUs: 8 total, 8 available
 Memory: 8076M
 Large Page Support: Disabled
 NUMA Support: Disabled
 Compressed Oops: Enabled (32-bit)
 Heap Region Size: 1M
 Heap Min Capacity: 8M
 Heap Initial Capacity: 128M
 Heap Max Capacity: 1G
 Pre-touch: Disabled
 Parallel Workers: 8
 Concurrent Workers: 2
 Concurrent Refinement Workers: 8
 Periodic GC: Disabled
Heap:
 garbage-first heap   total reserved 1048576K, committed 101376K, used 33807K [0x00000000c0000000, 0x0000000100000000)
  region size 1024K, 1 young (1024K), 0 survivors (0K)
 Metaspace       used 50334K, committed 51456K, reserved 1114112K
  class space    used 6375K, committed 6784K, reserved 1048576K
GC Heap History (20 events):
Event: 5256.412 GC heap after
{Heap after GC invocations=503 (full 494):
 garbage-first heap   total reserved 1048576K, committed 101376K, used 33807K [0x00000000c0000000, 0x0000000100000000)
  region size 1024K, 0 young (0K), 0 survivors (0K)
 Metaspace       used 50334K, committed 51456K, reserved 1114112K
  class space    used 6375K, committed 6784K, reserved 1048576K
}
Event: 5266.564 GC heap before
{Heap before GC invocations=503 (full 494):
 garbage-first heap   total reserved 1048576K, committed 101376K, used 33807K [0x00000000c0000000, 0x0000000100000000)
  region size 1024K, 1 young (1024K), 0 survivors (0K)
 Metaspace       used 50334K, committed 51456K, reserved 1114112K
  class space    used 6375K, committed 6784K, reserved 1048576K
}
Event: 5266.593 GC heap after
{Heap after GC invocations=504 (full 495):
 garbage-first heap   total reserved 1048576K, committed 101376K, used 33807K [0x00000000c0000000, 0x0000000100000000)
  region size 1024K, 0 young (0K), 0 survivors (0K)
 Metaspace       used 50334K, committed 51456K, reserved 1114112K
  class space    used 6375K, committed 6784K, reserved 1048576K
}
Event: 5276.741 GC heap before
{Heap before GC invocations=504 (full 495):
 garbage-first heap   total reserved 1048576K, committed 101376K, used 33807K [0x00000000c0000000, 0x0000000100000000)
  region size 1024K, 1 young (1024K), 0 survivors (0K)
 Metaspace       used 50334K, committed 51456K, reserved 1114112K
  class space    used 6375K, committed 6784K, reserved 1048576K
}
Event: 5276.782 GC heap after
{Heap after GC invocations=505 (full 496):
 garbage-first heap   total reserved 1048576K, committed 101376K, used 33807K [0x00000000c0000000, 0x0000000100000000)
  region size 1024K, 0 young (0K), 0 survivors (0K)
 Metaspace       used 50334K, committed 51456K, reserved 1114112K
  class space    used 6375K, committed 6784K, reserved 1048576K
}
Event: 5286.951 GC heap before
{Heap before GC invocations=505 (full 496):
 garbage-first heap   total reserved 1048576K, committed 101376K, used 33807K [0x00000000c0000000, 0x0000000100000000)
  region size 1024K, 1 young (1024K), 0 survivors (0K)
 Metaspace       used 50334K, committed 51456K, reserved 1114112K
  class space    used 6375K, committed 6784K, reserved 1048576K
}
Event: 5286.981 GC heap after
{Heap after GC invocations=506 (full 497):
 garbage-first heap   total reserved 1048576K, committed 101376K, used 33807K [0x00000000c0000000, 0x0000000100000000)
  region size 1024K, 0 young (0K), 0 survivors (0K)
 Metaspace       used 50334K, committed 51456K, reserved 1114112K
  class space    used 6375K, committed 6784K, reserved 1048576K
}
Event: 5297.114 GC heap before
{Heap before GC invocations=506 (full 497):
 garbage-first heap   total reserved 1048576K, committed 101376K, used 33807K [0x00000000c0000000, 0x0000000100000000)
  region size 1024K, 1 young (1024K), 0 survivors (0K)
 Metaspace       used 50334K, committed 51456K, reserved 1114112K
  class space    used 6375K, committed 6784K, reserved 1048576K
}
Event: 5297.142 GC heap after
{Heap after GC invocations=507 (full 498):
 garbage-first heap   total reserved 1048576K, committed 101376K, used 33807K [0x00000000c0000000, 0x0000000100000000)
  region size 1024K, 0 young (0K), 0 survivors (0K)
 Metaspace       used 50334K, committed 51456K, reserved 1114112K
  class space    used 6375K, committed 6784K, reserved 1048576K
}
Event: 5307.303 GC heap before
{Heap before GC invocations=507 (full 498):
 garbage-first heap   total reserved 1048576K, committed 101376K, used 33807K [0x00000000c0000000, 0x0000000100000000)
  region size 1024K, 1 young (1024K), 0 survivors (0K)
 Metaspace       used 50334K, committed 51456K, reserved 1114112K
  class space    used 6375K, committed 6784K, reserved 1048576K
}
Event: 5307.336 GC heap after
{Heap after GC invocations=508 (full 499):
 garbage-first heap   total reserved 1048576K, committed 101376K, used 33807K [0x00000000c0000000, 0x0000000100000000)
  region size 1024K, 0 young (0K), 0 survivors (0K)
 Metaspace       used 50334K, committed 51456K, reserved 1114112K
  class space    used 6375K, committed 6784K, reserved 1048576K
}
Event: 5317.462 GC heap before
{Heap before GC invocations=508 (full 499):
 garbage-first heap   total reserved 1048576K, committed 101376K, used 33807K [0x00000000c0000000, 0x0000000100000000)
  region size 1024K, 1 young (1024K), 0 survivors (0K)
 Metaspace       used 50334K, committed 51456K, reserved 1114112K
  class space    used 6375K, committed 6784K, reserved 1048576K
}
Event: 5317.487 GC heap after
{Heap after GC invocations=509 (full 500):
 garbage-first heap   total reserved 1048576K, committed 101376K, used 33807K [0x00000000c0000000, 0x0000000100000000)
  region size 1024K, 0 young (0K), 0 survivors (0K)
 Metaspace       used 50334K, committed 51456K, reserved 1114112K
  class space    used 6375K, committed 6784K, reserved 1048576K
}
Event: 5327.620 GC heap before
{Heap before GC invocations=509 (full 500):
 garbage-first heap   total reserved 1048576K, committed 101376K, used 33807K [0x00000000c0000000, 0x0000000100000000)
  region size 1024K, 1 young (1024K), 0 survivors (0K)
 Metaspace       used 50334K, committed 51456K, reserved 1114112K
  class space    used 6375K, committed 6784K, reserved 1048576K
}
Event: 5327.650 GC heap after
{Heap after GC invocations=510 (full 501):
 garbage-first heap   total reserved 1048576K, committed 101376K, used 33807K [0x00000000c0000000, 0x0000000100000000)
  region size 1024K, 0 young (0K), 0 survivors (0K)
 Metaspace       used 50334K, committed 51456K, reserved 1114112K
  class space    used 6375K, committed 6784K, reserved 1048576K
}
Event: 5337.806 GC heap before
{Heap before GC invocations=510 (full 501):
 garbage-first heap   total reserved 1048576K, committed 101376K, used 33807K [0x00000000c0000000, 0x0000000100000000)
  region size 1024K, 1 young (1024K), 0 survivors (0K)
 Metaspace       used 50334K, committed 51456K, reserved 1114112K
  class space    used 6375K, committed 6784K, reserved 1048576K
}
Event: 5337.838 GC heap after
{Heap after GC invocations=511 (full 502):
 garbage-first heap   total reserved 1048576K, committed 101376K, used 33807K [0x00000000c0000000, 0x0000000100000000)
  region size 1024K, 0 young (0K), 0 survivors (0K)
 Metaspace       used 50334K, committed 51456K, reserved 1114112K
  class space    used 6375K, committed 6784K, reserved 1048576K
}
Event: 5347.982 GC heap before
{Heap before GC invocations=511 (full 502):
 garbage-first heap   total reserved 1048576K, committed 101376K, used 33807K [0x00000000c0000000, 0x0000000100000000)
  region size 1024K, 1 young (1024K), 0 survivors (0K)
 Metaspace       used 50334K, committed 51456K, reserved 1114112K
  class space    used 6375K, committed 6784K, reserved 1048576K
}
Event: 5348.007 GC heap after
{Heap after GC invocations=512 (full 503):
 garbage-first heap   total reserved 1048576K, committed 101376K, used 33807K [0x00000000c0000000, 0x0000000100000000)
  region size 1024K, 0 young (0K), 0 survivors (0K)
 Metaspace       used 50334K, committed 51456K, reserved 1114112K
  class space    used 6375K, committed 6784K, reserved 1048576K
}
Event: 5358.076 GC heap before
{Heap before GC invocations=512 (full 503):
 garbage-first heap   total reserved 1048576K, committed 101376K, used 33807K [0x00000000c0000000, 0x0000000100000000)
  region size 1024K, 1 young (1024K), 0 survivors (0K)
 Metaspace       used 50334K, committed 51456K, reserved 1114112K
  class space    used 6375K, committed 6784K, reserved 1048576K
}

